0.035287 2000 2000 8 0.000005 0.000000 1 gsPAR 
0.027963 2000 2000 8 0.000005 0.000000 2 gsPAR 
0.023755 2000 2000 8 0.000005 0.000000 4 gsPAR 
0.026177 2000 2000 8 0.000005 0.000000 8 gsPAR 
0.031323 2000 2000 8 0.000005 0.000000 12 gsPAR 
0.041864 2000 2000 8 0.000005 0.000000 16 gsPAR 
0.070322 2000 2000 8 0.000005 0.000000 20 gsPAR 
0.073447 2000 2000 8 0.000005 0.000000 24 gsPAR 
0.063011 2000 2000 10 0.000005 0.000000 1 gsPAR 
0.048674 2000 2000 10 0.000005 0.000000 2 gsPAR 
0.033525 2000 2000 10 0.000005 0.000000 4 gsPAR 
0.031111 2000 2000 10 0.000005 0.000000 8 gsPAR 
0.039024 2000 2000 10 0.000005 0.000000 12 gsPAR 
0.086517 2000 2000 10 0.000005 0.000000 16 gsPAR 
0.163650 2000 2000 10 0.000005 0.000000 20 gsPAR 
0.073552 2000 2000 10 0.000005 0.000000 24 gsPAR 
0.100597 2000 2000 12 0.000005 0.000000 1 gsPAR 
0.076328 2000 2000 12 0.000005 0.000000 2 gsPAR 
0.045785 2000 2000 12 0.000005 0.000000 4 gsPAR 
0.053203 2000 2000 12 0.000005 0.000000 8 gsPAR 
0.037815 2000 2000 12 0.000005 0.000000 12 gsPAR 
0.076248 2000 2000 12 0.000005 0.000000 16 gsPAR 
0.089337 2000 2000 12 0.000005 0.000000 20 gsPAR 
0.189807 2000 2000 12 0.000005 0.000000 24 gsPAR 
0.183217 2000 2000 15 0.000005 0.000000 1 gsPAR 
0.162724 2000 2000 15 0.000005 0.000000 2 gsPAR 
0.073868 2000 2000 15 0.000005 0.000000 4 gsPAR 
0.052404 2000 2000 15 0.000005 0.000000 8 gsPAR 
0.067276 2000 2000 15 0.000005 0.000000 12 gsPAR 
0.166113 2000 2000 15 0.000005 0.000000 16 gsPAR 
0.146744 2000 2000 15 0.000005 0.000000 20 gsPAR 
0.113444 2000 2000 15 0.000005 0.000000 24 gsPAR 
0.408308 2000 2000 20 0.000005 0.000000 1 gsPAR 
0.432194 2000 2000 20 0.000005 0.000000 2 gsPAR 
0.151867 2000 2000 20 0.000005 0.000000 4 gsPAR 
0.094583 2000 2000 20 0.000005 0.000000 8 gsPAR 
0.116349 2000 2000 20 0.000005 0.000000 12 gsPAR 
0.242956 2000 2000 20 0.000005 0.000000 16 gsPAR 
0.187590 2000 2000 20 0.000005 0.000000 20 gsPAR 
0.175354 2000 2000 20 0.000005 0.000000 24 gsPAR 
0.773800 2000 2000 25 0.000005 0.000000 1 gsPAR 
0.720023 2000 2000 25 0.000005 0.000000 2 gsPAR 
0.342864 2000 2000 25 0.000005 0.000000 4 gsPAR 
0.155582 2000 2000 25 0.000005 0.000000 8 gsPAR 
0.115157 2000 2000 25 0.000005 0.000000 12 gsPAR 
0.197990 2000 2000 25 0.000005 0.000000 16 gsPAR 
0.228933 2000 2000 25 0.000005 0.000000 20 gsPAR 
0.235039 2000 2000 25 0.000005 0.000000 24 gsPAR 
1.316459 2000 2000 30 0.000005 0.000000 1 gsPAR 
1.151987 2000 2000 30 0.000005 0.000000 2 gsPAR 
0.525529 2000 2000 30 0.000005 0.000000 4 gsPAR 
0.255900 2000 2000 30 0.000005 0.000000 8 gsPAR 
0.194825 2000 2000 30 0.000005 0.000000 12 gsPAR 
0.341330 2000 2000 30 0.000005 0.000000 16 gsPAR 
0.232224 2000 2000 30 0.000005 0.000000 20 gsPAR 
0.261903 2000 2000 30 0.000005 0.000000 24 gsPAR 
3.012151 2000 2000 40 0.000005 0.000000 1 gsPAR 
2.736242 2000 2000 40 0.000005 0.000000 2 gsPAR 
1.314428 2000 2000 40 0.000005 0.000000 4 gsPAR 
0.655545 2000 2000 40 0.000005 0.000000 8 gsPAR 
0.509994 2000 2000 40 0.000005 0.000000 12 gsPAR 
0.621555 2000 2000 40 0.000005 0.000000 16 gsPAR 
0.414456 2000 2000 40 0.000005 0.000000 20 gsPAR 
0.530819 2000 2000 40 0.000005 0.000000 24 gsPAR 
5.738165 2000 2000 50 0.000005 0.000000 1 gsPAR 
4.880936 2000 2000 50 0.000005 0.000000 2 gsPAR 
2.440051 2000 2000 50 0.000005 0.000000 4 gsPAR 
1.215527 2000 2000 50 0.000005 0.000000 8 gsPAR 
0.864247 2000 2000 50 0.000005 0.000000 12 gsPAR 
0.899905 2000 2000 50 0.000005 0.000000 16 gsPAR 
0.700984 2000 2000 50 0.000005 0.000000 20 gsPAR 
0.806205 2000 2000 50 0.000005 0.000000 24 gsPAR 
18.763302 2000 2000 75 0.000005 0.000000 1 gsPAR 
16.024116 2000 2000 75 0.000005 0.000000 2 gsPAR 
8.184824 2000 2000 75 0.000005 0.000000 4 gsPAR 
4.174284 2000 2000 75 0.000005 0.000000 8 gsPAR 
3.021769 2000 2000 75 0.000005 0.000000 12 gsPAR 
2.291625 2000 2000 75 0.000005 0.000000 16 gsPAR 
2.086254 2000 2000 75 0.000005 0.000000 20 gsPAR 
1.778451 2000 2000 75 0.000005 0.000000 24 gsPAR 
43.982291 2000 2000 100 0.000005 0.000000 1 gsPAR 
35.239021 2000 2000 100 0.000005 0.000000 2 gsPAR 
16.812711 2000 2000 100 0.000005 0.000000 4 gsPAR 
9.259991 2000 2000 100 0.000005 0.000000 8 gsPAR 
6.476607 2000 2000 100 0.000005 0.000000 12 gsPAR 
5.239065 2000 2000 100 0.000005 0.000000 16 gsPAR 
4.321543 2000 2000 100 0.000005 0.000000 20 gsPAR 
3.900243 2000 2000 100 0.000005 0.000000 24 gsPAR 
58.029624 2000 2000 110 0.000005 0.000000 1 gsPAR 
40.578730 2000 2000 110 0.000005 0.000000 2 gsPAR 
22.478283 2000 2000 110 0.000005 0.000000 4 gsPAR 
11.591638 2000 2000 110 0.000005 0.000000 8 gsPAR 
7.989227 2000 2000 110 0.000005 0.000000 12 gsPAR 
6.243491 2000 2000 110 0.000005 0.000000 16 gsPAR 
5.337410 2000 2000 110 0.000005 0.000000 20 gsPAR 
4.765870 2000 2000 110 0.000005 0.000000 24 gsPAR 
75.376416 2000 2000 120 0.000005 0.000000 1 gsPAR 
57.483039 2000 2000 120 0.000005 0.000000 2 gsPAR 
27.874230 2000 2000 120 0.000005 0.000000 4 gsPAR 
15.850918 2000 2000 120 0.000005 0.000000 8 gsPAR 
10.379735 2000 2000 120 0.000005 0.000000 12 gsPAR 
8.462711 2000 2000 120 0.000005 0.000000 16 gsPAR 
6.899720 2000 2000 120 0.000005 0.000000 20 gsPAR 
6.031666 2000 2000 120 0.000005 0.000000 24 gsPAR 
108.246695 2000 2000 135 0.000005 0.000000 1 gsPAR 
87.025072 2000 2000 135 0.000005 0.000000 2 gsPAR 
40.797370 2000 2000 135 0.000005 0.000000 4 gsPAR 
22.810188 2000 2000 135 0.000005 0.000000 8 gsPAR 
14.943947 2000 2000 135 0.000005 0.000000 12 gsPAR 
11.812385 2000 2000 135 0.000005 0.000000 16 gsPAR 
9.932568 2000 2000 135 0.000005 0.000000 20 gsPAR 
8.927220 2000 2000 135 0.000005 0.000000 24 gsPAR 
147.645007 2000 2000 150 0.000005 0.000000 1 gsPAR
120.030554 2000 2000 150 0.000005 0.000000 2 gsPAR
48.117762 2000 2000 150 0.000005 0.000000 4 gsPAR
31.167333 2000 2000 150 0.000005 0.000000 8 gsPAR
20.635610 2000 2000 150 0.000005 0.000000 12 gsPAR
15.626743 2000 2000 150 0.000005 0.000000 16 gsPAR
13.521535 2000 2000 150 0.000005 0.000000 20 gsPAR
10.954411 2000 2000 150 0.000005 0.000000 24 gsPAR
