time iterations max_iter N tolerance start_T n_threads experiment
0.031920 10000 10000 8 0.005000 0.000000 1 JABASO3 
0.035919 10000 10000 8 0.005000 0.000000 2 JABASO3 
0.033805 10000 10000 8 0.005000 0.000000 4 JABASO3 
0.041634 10000 10000 8 0.005000 0.000000 8 JABASO3 
0.084160 10000 10000 8 0.005000 0.000000 12 JABASO3 
0.124442 10000 10000 8 0.005000 0.000000 16 JABASO3 
0.137690 10000 10000 8 0.005000 0.000000 20 JABASO3 
0.178427 10000 10000 8 0.005000 0.000000 24 JABASO3 
0.045404 10000 10000 10 0.005000 0.000000 1 JABASO3 
0.041204 10000 10000 10 0.005000 0.000000 2 JABASO3 
0.040871 10000 10000 10 0.005000 0.000000 4 JABASO3 
0.069680 10000 10000 10 0.005000 0.000000 8 JABASO3 
0.059427 10000 10000 10 0.005000 0.000000 12 JABASO3 
0.149876 10000 10000 10 0.005000 0.000000 16 JABASO3 
0.146576 10000 10000 10 0.005000 0.000000 20 JABASO3 
0.186209 10000 10000 10 0.005000 0.000000 24 JABASO3 
0.066208 10000 10000 12 0.005000 0.000000 1 JABASO3 
0.053273 10000 10000 12 0.005000 0.000000 2 JABASO3 
0.043320 10000 10000 12 0.005000 0.000000 4 JABASO3 
0.082439 10000 10000 12 0.005000 0.000000 8 JABASO3 
0.052413 10000 10000 12 0.005000 0.000000 12 JABASO3 
0.129823 10000 10000 12 0.005000 0.000000 16 JABASO3 
0.149215 10000 10000 12 0.005000 0.000000 20 JABASO3 
0.172202 10000 10000 12 0.005000 0.000000 24 JABASO3 
0.109055 10000 10000 15 0.005000 0.000000 1 JABASO3 
0.074666 10000 10000 15 0.005000 0.000000 2 JABASO3 
0.064675 10000 10000 15 0.005000 0.000000 4 JABASO3 
0.051540 10000 10000 15 0.005000 0.000000 8 JABASO3 
0.123315 10000 10000 15 0.005000 0.000000 12 JABASO3 
0.127656 10000 10000 15 0.005000 0.000000 16 JABASO3 
0.191575 10000 10000 15 0.005000 0.000000 20 JABASO3 
0.231350 10000 10000 15 0.005000 0.000000 24 JABASO3 
0.234967 10000 10000 20 0.005000 0.000000 1 JABASO3 
0.139265 10000 10000 20 0.005000 0.000000 2 JABASO3 
0.085408 10000 10000 20 0.005000 0.000000 4 JABASO3 
0.101339 10000 10000 20 0.005000 0.000000 8 JABASO3 
0.137450 10000 10000 20 0.005000 0.000000 12 JABASO3 
0.168347 10000 10000 20 0.005000 0.000000 16 JABASO3 
0.218211 10000 10000 20 0.005000 0.000000 20 JABASO3 
0.253187 10000 10000 20 0.005000 0.000000 24 JABASO3 
0.445726 10000 10000 25 0.005000 0.000000 1 JABASO3 
0.262058 10000 10000 25 0.005000 0.000000 2 JABASO3 
0.151507 10000 10000 25 0.005000 0.000000 4 JABASO3 
0.106720 10000 10000 25 0.005000 0.000000 8 JABASO3 
0.131044 10000 10000 25 0.005000 0.000000 12 JABASO3 
0.198556 10000 10000 25 0.005000 0.000000 16 JABASO3 
0.238656 10000 10000 25 0.005000 0.000000 20 JABASO3 
0.325444 10000 10000 25 0.005000 0.000000 24 JABASO3 
0.786162 10000 10000 30 0.005000 0.000000 1 JABASO3 
0.426496 10000 10000 30 0.005000 0.000000 2 JABASO3 
0.246725 10000 10000 30 0.005000 0.000000 4 JABASO3 
0.157086 10000 10000 30 0.005000 0.000000 8 JABASO3 
0.159042 10000 10000 30 0.005000 0.000000 12 JABASO3 
0.282010 10000 10000 30 0.005000 0.000000 16 JABASO3 
0.304175 10000 10000 30 0.005000 0.000000 20 JABASO3 
0.314349 10000 10000 30 0.005000 0.000000 24 JABASO3 
1.811172 10000 10000 40 0.005000 0.000000 1 JABASO3 
0.949110 10000 10000 40 0.005000 0.000000 2 JABASO3 
0.514165 10000 10000 40 0.005000 0.000000 4 JABASO3 
0.286311 10000 10000 40 0.005000 0.000000 8 JABASO3 
0.245308 10000 10000 40 0.005000 0.000000 12 JABASO3 
0.349288 10000 10000 40 0.005000 0.000000 16 JABASO3 
0.339916 10000 10000 40 0.005000 0.000000 20 JABASO3 
0.411126 10000 10000 40 0.005000 0.000000 24 JABASO3 
3.421732 10000 10000 50 0.005000 0.000000 1 JABASO3 
1.749298 10000 10000 50 0.005000 0.000000 2 JABASO3 
0.932504 10000 10000 50 0.005000 0.000000 4 JABASO3 
0.579412 10000 10000 50 0.005000 0.000000 8 JABASO3 
0.409488 10000 10000 50 0.005000 0.000000 12 JABASO3 
0.442137 10000 10000 50 0.005000 0.000000 16 JABASO3 
0.691102 10000 10000 50 0.005000 0.000000 20 JABASO3 
0.695299 10000 10000 50 0.005000 0.000000 24 JABASO3 
10.766317 10000 10000 75 0.005000 0.000000 1 JABASO3 
5.547085 10000 10000 75 0.005000 0.000000 2 JABASO3 
2.836024 10000 10000 75 0.005000 0.000000 4 JABASO3 
1.546128 10000 10000 75 0.005000 0.000000 8 JABASO3 
1.104325 10000 10000 75 0.005000 0.000000 12 JABASO3 
1.045952 10000 10000 75 0.005000 0.000000 16 JABASO3 
0.974482 10000 10000 75 0.005000 0.000000 20 JABASO3 
1.066095 10000 10000 75 0.005000 0.000000 24 JABASO3 
27.105680 10000 10000 100 0.005000 0.000000 1 JABASO3 
13.621779 10000 10000 100 0.005000 0.000000 2 JABASO3 
6.885822 10000 10000 100 0.005000 0.000000 4 JABASO3 
3.637663 10000 10000 100 0.005000 0.000000 8 JABASO3 
2.526868 10000 10000 100 0.005000 0.000000 12 JABASO3 
2.124757 10000 10000 100 0.005000 0.000000 16 JABASO3 
1.802049 10000 10000 100 0.005000 0.000000 20 JABASO3 
1.678956 10000 10000 100 0.005000 0.000000 24 JABASO3 
37.282576 10000 10000 110 0.005000 0.000000 1 JABASO3 
18.106956 10000 10000 110 0.005000 0.000000 2 JABASO3 
9.352982 10000 10000 110 0.005000 0.000000 4 JABASO3 
4.770827 10000 10000 110 0.005000 0.000000 8 JABASO3 
3.418653 10000 10000 110 0.005000 0.000000 12 JABASO3 
2.597261 10000 10000 110 0.005000 0.000000 16 JABASO3 
2.411970 10000 10000 110 0.005000 0.000000 20 JABASO3 
2.663697 10000 10000 110 0.005000 0.000000 24 JABASO3 
51.265003 10000 10000 120 0.005000 0.000000 1 JABASO3 
24.450612 10000 10000 120 0.005000 0.000000 2 JABASO3 
11.844643 10000 10000 120 0.005000 0.000000 4 JABASO3 
6.189877 10000 10000 120 0.005000 0.000000 8 JABASO3 
4.191281 10000 10000 120 0.005000 0.000000 12 JABASO3 
3.442332 10000 10000 120 0.005000 0.000000 16 JABASO3 
2.947638 10000 10000 120 0.005000 0.000000 20 JABASO3 
2.843658 10000 10000 120 0.005000 0.000000 24 JABASO3 
70.339989 10000 10000 130 0.005000 0.000000 1 JABASO3 
30.448294 10000 10000 130 0.005000 0.000000 2 JABASO3 
15.622478 10000 10000 130 0.005000 0.000000 4 JABASO3 
8.277881 10000 10000 130 0.005000 0.000000 8 JABASO3 
5.753581 10000 10000 130 0.005000 0.000000 12 JABASO3 
4.699455 10000 10000 130 0.005000 0.000000 16 JABASO3 
3.977863 10000 10000 130 0.005000 0.000000 20 JABASO3 
3.499526 10000 10000 130 0.005000 0.000000 24 JABASO3 
82.315499 10000 10000 140 0.005000 0.000000 1 JABASO3 
37.932573 10000 10000 140 0.005000 0.000000 2 JABASO3 
19.404544 10000 10000 140 0.005000 0.000000 4 JABASO3 
10.265998 10000 10000 140 0.005000 0.000000 8 JABASO3 
7.344413 10000 10000 140 0.005000 0.000000 12 JABASO3 
6.052862 10000 10000 140 0.005000 0.000000 16 JABASO3 
5.676860 10000 10000 140 0.005000 0.000000 20 JABASO3 
5.791689 10000 10000 140 0.005000 0.000000 24 JABASO3 
