   23437.500 592311.955 # matmult_lib
   93750.000 616659.115 # matmult_lib
  375000.000 756997.650 # matmult_lib
 1500000.000 1299970.563 # matmult_lib
 3375000.000 1408636.538 # matmult_lib
 6000000.000 1399970.568 # matmult_lib
 9375000.000 1403457.486 # matmult_lib
21093750.000 1420521.975 # matmult_lib

------------------------------------------------------------
Sender: LSF System <lsfadmin@hpc.dtu.dk>
Subject: Job 19922240: <lib_offload> in cluster <dcc> Done

Job <lib_offload> was submitted from host <n-62-11-47> by user <s194235> in cluster <dcc> at Thu Jan 18 16:04:26 2024
Job was executed on host(s) <32*n-62-12-89>, in queue <hpcintrogpu>, as user <s194235> in cluster <dcc> at Thu Jan 18 16:04:48 2024
</zhome/04/5/147207> was used as the home directory.
</zhome/04/5/147207/HPC/dtu_hpc/a3/matmul> was used as the working directory.
Started at Thu Jan 18 16:04:48 2024
Terminated at Thu Jan 18 16:06:27 2024
Results reported at Thu Jan 18 16:06:27 2024

Your job looked like:

------------------------------------------------------------
# LSBATCH: User input
#!/bin/bash
# 02614 - High-Performance Computing, January 2024
# 
# batch script to run matmult on a dedicated GPU server in the hpcintrogpu
# queue
#
# Author: Bernd Dammann <bd@cc.dtu.dk>
#         Hans Henrik Brandenborg Sørensen <hhbs@dtu.dk>
#
#BSUB -J lib_offload
#BSUB -o out/lib_offload%J.out
#BSUB -q hpcintrogpu
#BSUB -n 32
#BSUB -R "rusage[mem=2048]"
#BSUB -W 15
#BSUB -R "span[hosts=1]"
#BSUB -gpu "num=1:mode=exclusive_process"

# define the driver name to use
# valid values: matmult_c.nvc++, matmult_f.nvc++
#
EXECUTABLE=matmult_c.nvc++

# define the mkn values in the MKN variable
#
SIZES="1000 2000 4000 8000 12000 16000 20000 30000"

# define the method type in TYPE
#
TYPE="lib"

# enable(1)/disable(0) result checking
export MATMULT_COMPARE=0

# load module for shared cuda libraries
module load /appl9/nvhpc/2023_2311/modulefiles/nvhpc-nompi/23.11

# start the collect command with the above settings
for S in $SIZES
do
    OMP_NUM_THREADS=32 ./$EXECUTABLE $TYPE $S $S $S
done

------------------------------------------------------------

Successfully completed.

Resource usage summary:

    CPU time :                                   2390.00 sec.
    Max Memory :                                 267 MB
    Average Memory :                             227.67 MB
    Total Requested Memory :                     65536.00 MB
    Delta Memory :                               65269.00 MB
    Max Swap :                                   -
    Max Processes :                              4
    Max Threads :                                40
    Run time :                                   99 sec.
    Turnaround time :                            121 sec.

The output (if any) is above this job summary.

