time iterations max_iter N tolerance start_T n_threads experiment
0.031973 10000 10000 8 0.000005 0.000000 1 
0.035644 10000 10000 8 0.000005 0.000000 2 
0.034888 10000 10000 8 0.000005 0.000000 4 
0.039466 10000 10000 8 0.000005 0.000000 8 
0.048924 10000 10000 8 0.000005 0.000000 12 
0.105787 10000 10000 8 0.000005 0.000000 16 
0.129297 10000 10000 8 0.000005 0.000000 20 
0.160910 10000 10000 8 0.000005 0.000000 24 
0.045451 10000 10000 10 0.000005 0.000000 1 
0.042363 10000 10000 10 0.000005 0.000000 2 
0.041286 10000 10000 10 0.000005 0.000000 4 
0.067033 10000 10000 10 0.000005 0.000000 8 
0.058407 10000 10000 10 0.000005 0.000000 12 
0.231689 10000 10000 10 0.000005 0.000000 16 
0.210084 10000 10000 10 0.000005 0.000000 20 
0.204063 10000 10000 10 0.000005 0.000000 24 
0.066236 10000 10000 12 0.000005 0.000000 1 
0.052134 10000 10000 12 0.000005 0.000000 2 
0.042763 10000 10000 12 0.000005 0.000000 4 
0.045678 10000 10000 12 0.000005 0.000000 8 
0.052792 10000 10000 12 0.000005 0.000000 12 
0.115123 10000 10000 12 0.000005 0.000000 16 
0.135046 10000 10000 12 0.000005 0.000000 20 
0.149414 10000 10000 12 0.000005 0.000000 24 
0.109584 10000 10000 15 0.000005 0.000000 1 
0.076473 10000 10000 15 0.000005 0.000000 2 
0.055302 10000 10000 15 0.000005 0.000000 4 
0.050956 10000 10000 15 0.000005 0.000000 8 
0.098955 10000 10000 15 0.000005 0.000000 12 
0.178520 10000 10000 15 0.000005 0.000000 16 
0.224360 10000 10000 15 0.000005 0.000000 20 
0.207394 10000 10000 15 0.000005 0.000000 24 
0.235195 10000 10000 20 0.000005 0.000000 1 
0.140026 10000 10000 20 0.000005 0.000000 2 
0.085779 10000 10000 20 0.000005 0.000000 4 
0.091831 10000 10000 20 0.000005 0.000000 8 
0.076241 10000 10000 20 0.000005 0.000000 12 
0.185895 10000 10000 20 0.000005 0.000000 16 
0.213941 10000 10000 20 0.000005 0.000000 20 
0.257346 10000 10000 20 0.000005 0.000000 24 
0.445899 10000 10000 25 0.000005 0.000000 1 
0.260090 10000 10000 25 0.000005 0.000000 2 
0.151479 10000 10000 25 0.000005 0.000000 4 
0.107414 10000 10000 25 0.000005 0.000000 8 
0.128584 10000 10000 25 0.000005 0.000000 12 
0.226621 10000 10000 25 0.000005 0.000000 16 
0.232584 10000 10000 25 0.000005 0.000000 20 
0.236808 10000 10000 25 0.000005 0.000000 24 
0.778851 10000 10000 30 0.000005 0.000000 1 
0.428695 10000 10000 30 0.000005 0.000000 2 
0.240367 10000 10000 30 0.000005 0.000000 4 
0.139538 10000 10000 30 0.000005 0.000000 8 
0.173475 10000 10000 30 0.000005 0.000000 12 
0.217362 10000 10000 30 0.000005 0.000000 16 
0.230789 10000 10000 30 0.000005 0.000000 20 
0.293647 10000 10000 30 0.000005 0.000000 24 
1.866573 10000 10000 40 0.000005 0.000000 1 
0.996155 10000 10000 40 0.000005 0.000000 2 
0.505365 10000 10000 40 0.000005 0.000000 4 
0.303662 10000 10000 40 0.000005 0.000000 8 
0.257987 10000 10000 40 0.000005 0.000000 12 
0.276103 10000 10000 40 0.000005 0.000000 16 
0.437380 10000 10000 40 0.000005 0.000000 20 
0.325960 10000 10000 40 0.000005 0.000000 24 
3.431150 10000 10000 50 0.000005 0.000000 1 
1.779321 10000 10000 50 0.000005 0.000000 2 
0.946309 10000 10000 50 0.000005 0.000000 4 
0.561209 10000 10000 50 0.000005 0.000000 8 
0.426154 10000 10000 50 0.000005 0.000000 12 
0.428139 10000 10000 50 0.000005 0.000000 16 
0.616346 10000 10000 50 0.000005 0.000000 20 
0.472027 10000 10000 50 0.000005 0.000000 24 
10.840119 10000 10000 75 0.000005 0.000000 1 
5.572727 10000 10000 75 0.000005 0.000000 2 
2.832452 10000 10000 75 0.000005 0.000000 4 
1.517282 10000 10000 75 0.000005 0.000000 8 
1.142160 10000 10000 75 0.000005 0.000000 12 
0.994475 10000 10000 75 0.000005 0.000000 16 
0.826308 10000 10000 75 0.000005 0.000000 20 
0.866114 10000 10000 75 0.000005 0.000000 24 
27.155555 10000 10000 100 0.000005 0.000000 1 
13.662635 10000 10000 100 0.000005 0.000000 2 
6.895227 10000 10000 100 0.000005 0.000000 4 
3.615970 10000 10000 100 0.000005 0.000000 8 
2.563730 10000 10000 100 0.000005 0.000000 12 
2.096167 10000 10000 100 0.000005 0.000000 16 
1.863093 10000 10000 100 0.000005 0.000000 20 
1.560167 10000 10000 100 0.000005 0.000000 24 
37.498176 10000 10000 110 0.000005 0.000000 1 
18.150313 10000 10000 110 0.000005 0.000000 2 
9.302447 10000 10000 110 0.000005 0.000000 4 
4.749445 10000 10000 110 0.000005 0.000000 8 
3.432991 10000 10000 110 0.000005 0.000000 12 
2.783730 10000 10000 110 0.000005 0.000000 16 
2.427749 10000 10000 110 0.000005 0.000000 20 
2.144417 10000 10000 110 0.000005 0.000000 24 
51.528040 10000 10000 120 0.000005 0.000000 1 
23.557291 10000 10000 120 0.000005 0.000000 2 
11.860724 10000 10000 120 0.000005 0.000000 4 
6.107075 10000 10000 120 0.000005 0.000000 8 
4.260987 10000 10000 120 0.000005 0.000000 12 
3.454356 10000 10000 120 0.000005 0.000000 16 
2.881197 10000 10000 120 0.000005 0.000000 20 
3.317419 10000 10000 120 0.000005 0.000000 24 
74.698144 10000 10000 130 0.000005 0.000000 1 
30.542700 10000 10000 130 0.000005 0.000000 2 
15.583424 10000 10000 130 0.000005 0.000000 4 
8.229919 10000 10000 130 0.000005 0.000000 8 
5.640042 10000 10000 130 0.000005 0.000000 12 
4.875572 10000 10000 130 0.000005 0.000000 16 
4.090150 10000 10000 130 0.000005 0.000000 20 
4.276306 10000 10000 130 0.000005 0.000000 24 
82.853225 10000 10000 140 0.000005 0.000000 1 
38.164321 10000 10000 140 0.000005 0.000000 2 
19.157405 10000 10000 140 0.000005 0.000000 4 
10.223008 10000 10000 140 0.000005 0.000000 8 
7.183191 10000 10000 140 0.000005 0.000000 12 
6.267161 10000 10000 140 0.000005 0.000000 16 
6.083146 10000 10000 140 0.000005 0.000000 20 
5.063629 10000 10000 140 0.000005 0.000000 24 
