time iterations max_iter N tolerance start_T n_threads experiment
0.162707 10000 10000 8 0.005000 0.000000 1 
0.103980 10000 10000 8 0.005000 0.000000 2 
0.071396 10000 10000 8 0.005000 0.000000 4 
0.069218 10000 10000 8 0.005000 0.000000 8 
0.077951 10000 10000 8 0.005000 0.000000 12 
0.110201 10000 10000 8 0.005000 0.000000 16 
0.210701 10000 10000 8 0.005000 0.000000 20 
0.184383 10000 10000 8 0.005000 0.000000 24 
0.305765 10000 10000 10 0.005000 0.000000 1 
0.177757 10000 10000 10 0.005000 0.000000 2 
0.123802 10000 10000 10 0.005000 0.000000 4 
0.098703 10000 10000 10 0.005000 0.000000 8 
0.110186 10000 10000 10 0.005000 0.000000 12 
0.189034 10000 10000 10 0.005000 0.000000 16 
0.214190 10000 10000 10 0.005000 0.000000 20 
0.223757 10000 10000 10 0.005000 0.000000 24 
0.512657 10000 10000 12 0.005000 0.000000 1 
0.286740 10000 10000 12 0.005000 0.000000 2 
0.158528 10000 10000 12 0.005000 0.000000 4 
0.123499 10000 10000 12 0.005000 0.000000 8 
0.087952 10000 10000 12 0.005000 0.000000 12 
0.184169 10000 10000 12 0.005000 0.000000 16 
0.202168 10000 10000 12 0.005000 0.000000 20 
0.193301 10000 10000 12 0.005000 0.000000 24 
0.976537 10000 10000 15 0.005000 0.000000 1 
0.558332 10000 10000 15 0.005000 0.000000 2 
0.298808 10000 10000 15 0.005000 0.000000 4 
0.176059 10000 10000 15 0.005000 0.000000 8 
0.201651 10000 10000 15 0.005000 0.000000 12 
0.263958 10000 10000 15 0.005000 0.000000 16 
0.251262 10000 10000 15 0.005000 0.000000 20 
0.275073 10000 10000 15 0.005000 0.000000 24 
2.357451 10000 10000 20 0.005000 0.000000 1 
1.213453 10000 10000 20 0.005000 0.000000 2 
0.626404 10000 10000 20 0.005000 0.000000 4 
0.406523 10000 10000 20 0.005000 0.000000 8 
0.324279 10000 10000 20 0.005000 0.000000 12 
0.400843 10000 10000 20 0.005000 0.000000 16 
0.370720 10000 10000 20 0.005000 0.000000 20 
0.396738 10000 10000 20 0.005000 0.000000 24 
4.917997 10000 10000 25 0.005000 0.000000 1 
2.590607 10000 10000 25 0.005000 0.000000 2 
1.410478 10000 10000 25 0.005000 0.000000 4 
0.838238 10000 10000 25 0.005000 0.000000 8 
0.662173 10000 10000 25 0.005000 0.000000 12 
0.538389 10000 10000 25 0.005000 0.000000 16 
0.611263 10000 10000 25 0.005000 0.000000 20 
0.591309 10000 10000 25 0.005000 0.000000 24 
8.429689 10000 10000 30 0.005000 0.000000 1 
4.258128 10000 10000 30 0.005000 0.000000 2 
2.295545 10000 10000 30 0.005000 0.000000 4 
1.185555 10000 10000 30 0.005000 0.000000 8 
0.919627 10000 10000 30 0.005000 0.000000 12 
0.741594 10000 10000 30 0.005000 0.000000 16 
0.749320 10000 10000 30 0.005000 0.000000 20 
0.797999 10000 10000 30 0.005000 0.000000 24 
20.000054 10000 10000 40 0.005000 0.000000 1 
10.090141 10000 10000 40 0.005000 0.000000 2 
5.074810 10000 10000 40 0.005000 0.000000 4 
2.594913 10000 10000 40 0.005000 0.000000 8 
2.092593 10000 10000 40 0.005000 0.000000 12 
1.619533 10000 10000 40 0.005000 0.000000 16 
1.280464 10000 10000 40 0.005000 0.000000 20 
1.219486 10000 10000 40 0.005000 0.000000 24 
39.209113 10000 10000 50 0.005000 0.000000 1 
19.592591 10000 10000 50 0.005000 0.000000 2 
10.210462 10000 10000 50 0.005000 0.000000 4 
5.545753 10000 10000 50 0.005000 0.000000 8 
4.004508 10000 10000 50 0.005000 0.000000 12 
3.230562 10000 10000 50 0.005000 0.000000 16 
2.521014 10000 10000 50 0.005000 0.000000 20 
2.544564 10000 10000 50 0.005000 0.000000 24 
131.307632 10000 10000 75 0.005000 0.000000 1 
66.731480 10000 10000 75 0.005000 0.000000 2 
33.404445 10000 10000 75 0.005000 0.000000 4 
17.621813 10000 10000 75 0.005000 0.000000 8 
12.390443 10000 10000 75 0.005000 0.000000 12 
8.946779 10000 10000 75 0.005000 0.000000 16 
7.230637 10000 10000 75 0.005000 0.000000 20 
7.270005 10000 10000 75 0.005000 0.000000 24 
310.918480 10000 10000 100 0.005000 0.000000 1 
156.373122 10000 10000 100 0.005000 0.000000 2 
77.917952 10000 10000 100 0.005000 0.000000 4 
40.573325 10000 10000 100 0.005000 0.000000 8 
28.141208 10000 10000 100 0.005000 0.000000 12 
22.008721 10000 10000 100 0.005000 0.000000 16 
15.826618 10000 10000 100 0.005000 0.000000 20 
15.854995 10000 10000 100 0.005000 0.000000 24
