     2.344    250.293 0 # matmult_nat
     9.375    285.958 0 # matmult_nat
    21.094    314.257 0 # matmult_nat
    37.500    305.138 0 # matmult_nat
    58.594    309.131 0 # matmult_nat
   234.375    314.195 0 # matmult_nat
   527.344    313.314 0 # matmult_nat
   937.500    287.389 0 # matmult_nat
  1464.844    242.795 0 # matmult_nat
  2109.375    264.199 0 # matmult_nat
  2871.094    238.606 0 # matmult_nat
  3750.000    253.768 0 # matmult_nat
  4746.094    229.498 0 # matmult_nat
  5859.375    246.924 0 # matmult_nat
  8437.500    267.887 0 # matmult_nat
 11484.375    253.282 0 # matmult_nat
 15000.000    250.705 0 # matmult_nat
 18984.375    267.135 0 # matmult_nat
 23437.500    272.556 0 # matmult_nat
 33750.000    260.455 0 # matmult_nat
