 98304.000    225.076 # matmult_blk 16
 98304.000    206.828 # matmult_blk 20
 98304.000    215.300 # matmult_blk 24
 98304.000    216.547 # matmult_blk 28
 98304.000    217.544 # matmult_blk 32
 98304.000    214.435 # matmult_blk 40
 98304.000    221.082 # matmult_blk 48
 98304.000    222.532 # matmult_blk 56
 98304.000    224.047 # matmult_blk 64
 98304.000    225.184 # matmult_blk 72
 98304.000    222.980 # matmult_blk 80
 98304.000    224.419 # matmult_blk 96
 98304.000    225.074 # matmult_blk 108
 98304.000    228.053 # matmult_blk 128
 98304.000    227.446 # matmult_blk 148
 98304.000    228.341 # matmult_blk 168
 98304.000    229.833 # matmult_blk 208
 98304.000    230.967 # matmult_blk 256
 98304.000    231.652 # matmult_blk 384
 98304.000    232.362 # matmult_blk 512
 98304.000    232.868 # matmult_blk 1024
