 98304.000   2405.770 # matmult_blk 16
 98304.000   2085.968 # matmult_blk 20
 98304.000   2214.524 # matmult_blk 24
 98304.000   2294.962 # matmult_blk 28
 98304.000   2372.206 # matmult_blk 32
 98304.000   2471.265 # matmult_blk 40
 98304.000   2605.242 # matmult_blk 48
 98304.000   2701.143 # matmult_blk 56
 98304.000   2829.708 # matmult_blk 64
 98304.000   2881.922 # matmult_blk 72
 98304.000   2980.848 # matmult_blk 80
 98304.000   3093.532 # matmult_blk 96
 98304.000   3159.394 # matmult_blk 108
 98304.000   3350.935 # matmult_blk 128
 98304.000   3427.139 # matmult_blk 148
 98304.000   3553.571 # matmult_blk 168
 98304.000   3817.299 # matmult_blk 208
 98304.000   4122.494 # matmult_blk 256
 98304.000   4205.580 # matmult_blk 384
 98304.000   4379.955 # matmult_blk 512
 98304.000   4595.117 # matmult_blk 1024
