 98304.000    740.414 # matmult_blk 16
 98304.000    672.031 # matmult_blk 20
 98304.000    642.613 # matmult_blk 24
 98304.000    624.349 # matmult_blk 28
 98304.000    610.961 # matmult_blk 32
 98304.000    634.608 # matmult_blk 40
 98304.000    632.117 # matmult_blk 48
 98304.000    630.561 # matmult_blk 56
 98304.000    629.653 # matmult_blk 64
 98304.000    628.407 # matmult_blk 72
 98304.000    627.740 # matmult_blk 80
 98304.000    628.658 # matmult_blk 96
 98304.000    626.494 # matmult_blk 108
 98304.000    626.210 # matmult_blk 128
 98304.000    625.164 # matmult_blk 148
 98304.000    625.031 # matmult_blk 168
 98304.000    624.574 # matmult_blk 208
 98304.000    623.782 # matmult_blk 256
 98304.000    623.258 # matmult_blk 384
 98304.000    622.540 # matmult_blk 512
