     2.344    258.981 # matmult_nmk
     9.375    289.692 # matmult_nmk
    21.094    313.107 # matmult_nmk
    28.711    301.475 # matmult_nmk
    37.500    304.372 # matmult_nmk
    58.594    308.084 # matmult_nmk
    84.375    311.622 # matmult_nmk
   114.844    313.335 # matmult_nmk
   189.844    316.201 # matmult_nmk
   234.375    316.220 # matmult_nmk
   258.398    316.209 # matmult_nmk
   283.594    317.663 # matmult_nmk
   337.500    318.622 # matmult_nmk
   527.344    317.622 # matmult_nmk
   937.500    301.596 # matmult_nmk
  3750.000    265.788 # matmult_nmk
 15000.000    221.285 # matmult_nmk
 23437.500    287.653 # matmult_nmk
 28359.375    283.804 # matmult_nmk
 33750.000    273.395 # matmult_nmk
 39609.375    287.499 # matmult_nmk
 45937.500    286.786 # matmult_nmk
 75937.500    292.000 # matmult_nmk
 93750.000    199.051 # matmult_nmk
     2.344    249.780 # matmult_nkm
     9.375    292.485 # matmult_nkm
    21.094    301.286 # matmult_nkm
    28.711    289.796 # matmult_nkm
    37.500    292.342 # matmult_nkm
    58.594    296.539 # matmult_nkm
    84.375    298.727 # matmult_nkm
   114.844    298.288 # matmult_nkm
   189.844    302.012 # matmult_nkm
   234.375    300.051 # matmult_nkm
   258.398    299.339 # matmult_nkm
   283.594    301.814 # matmult_nkm
   337.500    303.402 # matmult_nkm
   527.344    282.813 # matmult_nkm
   937.500    248.637 # matmult_nkm
  3750.000    234.490 # matmult_nkm
 15000.000    196.873 # matmult_nkm
 23437.500    243.158 # matmult_nkm
 28359.375    230.090 # matmult_nkm
 33750.000    195.987 # matmult_nkm
 39609.375    181.974 # matmult_nkm
 45937.500    203.397 # matmult_nkm
 75937.500    171.133 # matmult_nkm
 93750.000    155.954 # matmult_nkm
     2.344    257.950 # matmult_kmn
     9.375    285.826 # matmult_kmn
    21.094    315.244 # matmult_kmn
    28.711    301.752 # matmult_kmn
    37.500    296.999 # matmult_kmn
    58.594    306.346 # matmult_kmn
    84.375    310.716 # matmult_kmn
   114.844    312.040 # matmult_kmn
   189.844    314.013 # matmult_kmn
   234.375    315.621 # matmult_kmn
   258.398    316.546 # matmult_kmn
   283.594    314.513 # matmult_kmn
   337.500    316.875 # matmult_kmn
   527.344    314.029 # matmult_kmn
   937.500    315.556 # matmult_kmn
  3750.000    319.395 # matmult_kmn
 15000.000    321.667 # matmult_kmn
 23437.500    322.036 # matmult_kmn
 28359.375    322.301 # matmult_kmn
 33750.000    322.253 # matmult_kmn
 39609.375    322.206 # matmult_kmn
 45937.500    322.523 # matmult_kmn
 75937.500    322.286 # matmult_kmn
 93750.000    320.790 # matmult_kmn
     2.344    248.019 # matmult_knm
     9.375    266.116 # matmult_knm
    21.094    301.701 # matmult_knm
    28.711    289.914 # matmult_knm
    37.500    285.285 # matmult_knm
    58.594    296.962 # matmult_knm
    84.375    292.015 # matmult_knm
   114.844    301.092 # matmult_knm
   189.844    302.126 # matmult_knm
   234.375    301.382 # matmult_knm
   258.398    302.797 # matmult_knm
   283.594    303.212 # matmult_knm
   337.500    301.302 # matmult_knm
   527.344    286.223 # matmult_knm
   937.500    249.069 # matmult_knm
  3750.000    235.673 # matmult_knm
 15000.000    192.039 # matmult_knm
 23437.500    254.555 # matmult_knm
 28359.375    244.794 # matmult_knm
 33750.000    207.168 # matmult_knm
 39609.375    230.483 # matmult_knm
 45937.500    248.048 # matmult_knm
 75937.500    202.845 # matmult_knm
 93750.000    160.633 # matmult_knm
     2.344    258.667 # matmult_mkn
     9.375    305.493 # matmult_mkn
    21.094    315.286 # matmult_mkn
    28.711    301.629 # matmult_mkn
    37.500    303.803 # matmult_mkn
    58.594    304.083 # matmult_mkn
    84.375    311.132 # matmult_mkn
   114.844    310.768 # matmult_mkn
   189.844    314.248 # matmult_mkn
   234.375    316.581 # matmult_mkn
   258.398    314.445 # matmult_mkn
   283.594    316.184 # matmult_mkn
   337.500    317.605 # matmult_mkn
   527.344    317.614 # matmult_mkn
   937.500    318.955 # matmult_mkn
  3750.000    320.674 # matmult_mkn
 15000.000    321.824 # matmult_mkn
 23437.500    322.500 # matmult_mkn
 28359.375    322.724 # matmult_mkn
 33750.000    322.664 # matmult_mkn
 39609.375    322.611 # matmult_mkn
 45937.500    322.821 # matmult_mkn
 75937.500    322.640 # matmult_mkn
 93750.000    322.211 # matmult_mkn
     2.344    253.793 # matmult_mnk
     9.375    305.128 # matmult_mnk
    21.094    314.100 # matmult_mnk
    28.711    303.718 # matmult_mnk
    37.500    305.056 # matmult_mnk
    58.594    309.478 # matmult_mnk
    84.375    312.696 # matmult_mnk
   114.844    311.904 # matmult_mnk
   189.844    314.437 # matmult_mnk
   234.375    314.496 # matmult_mnk
   258.398    314.707 # matmult_mnk
   283.594    315.758 # matmult_mnk
   337.500    316.460 # matmult_mnk
   527.344    311.387 # matmult_mnk
   937.500    287.964 # matmult_mnk
  3750.000    253.044 # matmult_mnk
 15000.000    254.206 # matmult_mnk
 23437.500    272.279 # matmult_mnk
 28359.375    256.021 # matmult_mnk
 33750.000    273.573 # matmult_mnk
 39609.375    264.153 # matmult_mnk
 45937.500    277.066 # matmult_mnk
 75937.500    232.983 # matmult_mnk
 93750.000    186.406 # matmult_mnk
