     2.344    250.569 # matmult_nat
     9.375    293.378 # matmult_nat
    21.094    313.451 # matmult_nat
    28.711    302.349 # matmult_nat
    37.500    305.123 # matmult_nat
    58.594    308.530 # matmult_nat
    84.375    311.253 # matmult_nat
   114.844    311.297 # matmult_nat
   189.844    313.651 # matmult_nat
   234.375    314.358 # matmult_nat
   258.398    314.090 # matmult_nat
   283.594    314.814 # matmult_nat
   337.500    314.340 # matmult_nat
   527.344    310.263 # matmult_nat
   937.500    286.799 # matmult_nat
  3750.000    252.677 # matmult_nat
 15000.000    239.300 # matmult_nat
 23437.500    264.563 # matmult_nat
 28359.375    247.007 # matmult_nat
 33750.000    248.765 # matmult_nat
 39609.375    195.368 # matmult_nat
 45937.500    218.804 # matmult_nat
 75937.500    211.266 # matmult_nat
 93750.000    165.583 # matmult_nat