     9.375    286.880 0 # O0
    21.094    313.389 0 # O0
    28.711    302.253 0 # O0
    37.500    305.112 0 # O0
    58.594    309.255 0 # O0
    84.375    312.184 0 # O0
   114.844    311.158 0 # O0
   189.844    313.976 0 # O0
   234.375    314.680 0 # O0
   258.398    314.832 0 # O0
   283.594    316.030 0 # O0
   337.500    317.020 0 # O0
   527.344    312.302 0 # O0
   937.500    288.654 0 # O0
  3750.000    253.692 0 # O0
 15000.000    249.219 0 # O0
 23437.500    272.542 0 # O0
 28359.375    256.975 0 # O0
 33750.000    274.583 0 # O0
 39609.375    260.191 0 # O0
 45937.500    277.612 0 # O0
 75937.500    268.951 20 # O0
 93750.000    184.381 248 # O0
135000.000    164.758 784 # O0
     9.375   1632.116 0 # O3
    21.094   1479.466 0 # O3
    28.711   1514.540 0 # O3
    37.500   1526.668 0 # O3
    58.594   1473.414 0 # O3
    84.375   1538.965 0 # O3
   114.844   1529.597 0 # O3
   189.844   1469.780 0 # O3
   234.375   1475.814 0 # O3
   258.398   1472.015 0 # O3
   283.594   1488.277 0 # O3
   337.500   1494.260 0 # O3
   527.344   1427.423 0 # O3
   937.500   1269.452 0 # O3
  3750.000   1099.542 0 # O3
 15000.000    984.403 0 # O3
 23437.500   1125.637 0 # O3
 28359.375   1150.238 0 # O3
 33750.000   1159.596 0 # O3
 39609.375   1172.783 0 # O3
 45937.500   1160.384 0 # O3
 75937.500   1130.693 20 # O3
 93750.000    697.071 248 # O3
135000.000    504.336 784 # O3
     9.375   1730.342 0 # O3+unroll
    21.094   1471.257 0 # O3+unroll
    28.711   1771.242 0 # O3+unroll
    37.500   1768.176 0 # O3+unroll
    58.594   1549.514 0 # O3+unroll
    84.375   1685.615 0 # O3+unroll
   114.844   1649.728 0 # O3+unroll
   189.844   1543.269 0 # O3+unroll
   234.375   1549.006 0 # O3+unroll
   258.398   1554.154 0 # O3+unroll
   283.594   1570.563 0 # O3+unroll
   337.500   1581.898 0 # O3+unroll
   527.344   1478.097 0 # O3+unroll
   937.500   1304.507 0 # O3+unroll
  3750.000   1117.126 0 # O3+unroll
 15000.000   1000.068 0 # O3+unroll
 23437.500   1129.675 0 # O3+unroll
 28359.375   1139.073 0 # O3+unroll
 33750.000   1167.913 0 # O3+unroll
 39609.375   1184.428 0 # O3+unroll
 45937.500   1157.845 0 # O3+unroll
 75937.500   1133.912 20 # O3+unroll
 93750.000    637.886 248 # O3+unroll
135000.000    505.085 784 # O3+unroll
     9.375   1689.563 0 # all
    21.094   1470.842 0 # all
    28.711   1785.771 0 # all
    37.500   1788.673 0 # all
    58.594   1557.993 0 # all
    84.375   1704.888 0 # all
   114.844   1674.330 0 # all
   189.844   1559.332 0 # all
   234.375   1566.351 0 # all
   258.398   1573.969 0 # all
   283.594   1592.755 0 # all
   337.500   1592.819 0 # all
   527.344   1461.164 0 # all
   937.500   1321.664 0 # all
  3750.000   1117.788 0 # all
 15000.000   1098.154 0 # all
 23437.500   1129.082 0 # all
 28359.375   1148.157 0 # all
 33750.000   1135.293 0 # all
 39609.375   1184.381 0 # all
 45937.500   1155.187 0 # all
 75937.500    996.024 20 # all
 93750.000    562.079 248 # all
135000.000    498.826 784 # all