     9.375   1706.464 0 # matmult_nmk
    21.094   1426.083 0 # matmult_nmk
    28.711   1792.181 0 # matmult_nmk
    37.500   1795.741 0 # matmult_nmk
    58.594   1571.467 0 # matmult_nmk
    84.375   1710.142 0 # matmult_nmk
   114.844   1686.804 0 # matmult_nmk
   189.844   1559.827 0 # matmult_nmk
   234.375   1577.443 0 # matmult_nmk
   258.398   1598.994 0 # matmult_nmk
   283.594   1605.075 0 # matmult_nmk
   337.500   1596.520 0 # matmult_nmk
   527.344   1478.183 0 # matmult_nmk
   937.500   1382.684 0 # matmult_nmk
  3750.000   1202.756 0 # matmult_nmk
 15000.000   1010.765 0 # matmult_nmk
 23437.500   1223.278 0 # matmult_nmk
 28359.375   1230.274 0 # matmult_nmk
 33750.000   1201.997 0 # matmult_nmk
 39609.375   1236.930 0 # matmult_nmk
 45937.500   1176.987 0 # matmult_nmk
 75937.500   1135.429 20 # matmult_nmk
 93750.000    446.526 248 # matmult_nmk
135000.000    448.335 784 # matmult_nmk
     9.375   1390.515 0 # matmult_nkm
    21.094   1453.049 0 # matmult_nkm
    28.711   1545.119 0 # matmult_nkm
    37.500   1544.015 0 # matmult_nkm
    58.594   1563.613 0 # matmult_nkm
    84.375   1497.585 0 # matmult_nkm
   114.844   1533.589 0 # matmult_nkm
   189.844   1478.954 0 # matmult_nkm
   234.375   1446.282 0 # matmult_nkm
   258.398   1359.465 0 # matmult_nkm
   283.594   1443.577 0 # matmult_nkm
   337.500   1419.916 0 # matmult_nkm
   527.344   1068.911 0 # matmult_nkm
   937.500    986.757 0 # matmult_nkm
  3750.000    505.899 0 # matmult_nkm
 15000.000    442.472 0 # matmult_nkm
 23437.500    458.366 0 # matmult_nkm
 28359.375    408.215 0 # matmult_nkm
 33750.000    350.728 0 # matmult_nkm
 39609.375    393.730 0 # matmult_nkm
 45937.500    393.846 0 # matmult_nkm
 75937.500    372.509 20 # matmult_nkm
 93750.000    290.117 248 # matmult_nkm
135000.000    274.288 784 # matmult_nkm
     9.375   2810.804 0 # matmult_kmn
    21.094   3478.662 0 # matmult_kmn
    28.711   3248.589 0 # matmult_kmn
    37.500   3987.679 0 # matmult_kmn
    58.594   4235.480 0 # matmult_kmn
    84.375   4353.257 0 # matmult_kmn
   114.844   4144.096 0 # matmult_kmn
   189.844   4262.099 0 # matmult_kmn
   234.375   4412.070 0 # matmult_kmn
   258.398   3893.712 0 # matmult_kmn
   283.594   4379.728 0 # matmult_kmn
   337.500   4493.434 0 # matmult_kmn
   527.344   4387.208 0 # matmult_kmn
   937.500   3779.363 0 # matmult_kmn
  3750.000   3600.418 0 # matmult_kmn
 15000.000   3647.776 0 # matmult_kmn
 23437.500   3665.163 0 # matmult_kmn
 28359.375   3657.477 0 # matmult_kmn
 33750.000   3667.986 0 # matmult_kmn
 39609.375   3660.768 0 # matmult_kmn
 45937.500   3665.623 0 # matmult_kmn
 75937.500   2670.121 20 # matmult_kmn
 93750.000   2070.833 248 # matmult_kmn
135000.000   1878.081 784 # matmult_kmn
     9.375   1434.387 0 # matmult_knm
    21.094   1420.891 0 # matmult_knm
    28.711   1568.888 0 # matmult_knm
    37.500   1578.802 0 # matmult_knm
    58.594   1607.990 0 # matmult_knm
    84.375   1559.534 0 # matmult_knm
   114.844   1570.939 0 # matmult_knm
   189.844   1523.387 0 # matmult_knm
   234.375   1477.815 0 # matmult_knm
   258.398   1379.568 0 # matmult_knm
   283.594   1461.556 0 # matmult_knm
   337.500   1384.038 0 # matmult_knm
   527.344   1111.781 0 # matmult_knm
   937.500    988.434 0 # matmult_knm
  3750.000    497.961 0 # matmult_knm
 15000.000    436.148 0 # matmult_knm
 23437.500    495.952 0 # matmult_knm
 28359.375    498.768 0 # matmult_knm
 33750.000    414.319 0 # matmult_knm
 39609.375    500.849 0 # matmult_knm
 45937.500    492.053 0 # matmult_knm
 75937.500    456.722 20 # matmult_knm
 93750.000    326.554 248 # matmult_knm
135000.000    277.221 784 # matmult_knm
     9.375   2841.570 0 # matmult_mkn
    21.094   3377.899 0 # matmult_mkn
    28.711   3292.966 0 # matmult_mkn
    37.500   3894.448 0 # matmult_mkn
    58.594   4021.676 0 # matmult_mkn
    84.375   4376.371 0 # matmult_mkn
   114.844   4319.915 0 # matmult_mkn
   189.844   4469.603 0 # matmult_mkn
   234.375   4575.828 0 # matmult_mkn
   258.398   4040.930 0 # matmult_mkn
   283.594   4570.920 0 # matmult_mkn
   337.500   4535.129 0 # matmult_mkn
   527.344   4671.425 0 # matmult_mkn
   937.500   4504.650 0 # matmult_mkn
  3750.000   4812.057 0 # matmult_mkn
 15000.000   4907.113 0 # matmult_mkn
 23437.500   4767.032 0 # matmult_mkn
 28359.375   4778.981 0 # matmult_mkn
 33750.000   4834.573 0 # matmult_mkn
 39609.375   4799.524 0 # matmult_mkn
 45937.500   4781.015 0 # matmult_mkn
 75937.500   4563.911 20 # matmult_mkn
 93750.000   2913.589 248 # matmult_mkn
135000.000   2372.848 784 # matmult_mkn
     9.375   1688.143 0 # matmult_mnk
    21.094   1469.589 0 # matmult_mnk
    28.711   1779.398 0 # matmult_mnk
    37.500   1787.622 0 # matmult_mnk
    58.594   1557.212 0 # matmult_mnk
    84.375   1703.832 0 # matmult_mnk
   114.844   1673.302 0 # matmult_mnk
   189.844   1559.182 0 # matmult_mnk
   234.375   1565.870 0 # matmult_mnk
   258.398   1574.207 0 # matmult_mnk
   283.594   1591.539 0 # matmult_mnk
   337.500   1592.480 0 # matmult_mnk
   527.344   1466.325 0 # matmult_mnk
   937.500   1318.420 0 # matmult_mnk
  3750.000   1115.248 0 # matmult_mnk
 15000.000   1009.299 0 # matmult_mnk
 23437.500   1127.644 0 # matmult_mnk
 28359.375   1141.385 0 # matmult_mnk
 33750.000   1116.228 0 # matmult_mnk
 39609.375    885.037 0 # matmult_mnk
 45937.500    887.235 0 # matmult_mnk
 75937.500    731.348 20 # matmult_mnk
 93750.000    527.632 248 # matmult_mnk
135000.000    492.585 784 # matmult_mnk